Solid Edge Translation to STL
Date: Tuesday,July 20,2021 03:48PM
Source File:C:\Users\sumit\Desktop\Digital Fabrication\DigiFab_Project-main\Project\Planets\Planets Full\Venus.par
Source System: SOLID EDGE

Hardware:
Processor: Intel(R) Core(TM) i7-10850H CPU @ 2.70GHz
Operating System: Windows 10 Professional
Installed Memory: 15.60 GB

Software Information:
Parasolid Version: 32.1.222
PSBodyshop Version: 32.1.94
Solid Edge Version: 221.00.03.003 x64

STL Export Options:
Output File Format:ASCII
Export Displayed Parts:Off
structureOption: Monolithic
Export Units:Millimeter
Export Tolerance Value:0.050000
Export Tolerance Type:Custom
Export Surface Plane Angle Value:0.523599

Translation progress:
Phase 1 of 2 Fetching Parasolid information...
Number of STL file Created : 1
Translation process completed
Time required to translate:00 : 00 : 00
